2024-11-27 00:12:12 INFO: Test suite started: sampleProject1
2024-11-27 00:12:14 INFO: Browser launched: edge
2024-11-27 00:12:15 INFO: Executing test: testInvalidPassword
2024-11-27 00:12:15 FAILED: Test failed: testInvalidPassword
2024-11-27 00:12:15 ERROR: Reason: java.lang.AssertionError: Error message does not match for invalid password. expected [Your password is invalid!] but found []
2024-11-27 00:12:15 INFO: Quitting the browser...
2024-11-27 00:12:19 INFO: Browser quit successfully.
2024-11-27 00:12:19 INFO: Test suite finished: sampleProject1
