2024-11-27 00:11:00 INFO: Test suite started: sampleProject1
2024-11-27 00:11:02 INFO: Browser launched: edge
2024-11-27 00:11:03 INFO: Executing test: testInvalidPassword
2024-11-27 00:11:03 FAILED: Test failed: testInvalidPassword
2024-11-27 00:11:03 ERROR: Reason: java.lang.AssertionError: Error message does not match for invalid password. expected [Your password is invalid!] but found []
2024-11-27 00:11:03 INFO: Quitting the browser...
2024-11-27 00:11:07 INFO: Browser quit successfully.
2024-11-27 00:11:07 INFO: Test suite finished: sampleProject1
