2024-11-27 00:17:28 INFO: Test suite started: sampleProject1
2024-11-27 00:17:31 INFO: Browser launched: edge
2024-11-27 00:17:31 INFO: Executing test: testInvalidPassword
2024-11-27 00:17:32 FAILED: Test failed: testInvalidPassword
2024-11-27 00:17:32 ERROR: Reason: java.lang.AssertionError: Error message does not match for invalid password. expected [Your password is invalid!] but found []
2024-11-27 00:17:32 INFO: Quitting the browser...
2024-11-27 00:17:36 INFO: Browser quit successfully.
2024-11-27 00:17:36 INFO: Test suite finished: sampleProject1
